Traceback (most recent call last):
  File "/opt/hostedtoolcache/Python/3.8.13/x64/lib/python3.8/site-packages/jupyter_cache/executors/utils.py", line 51, in single_nb_execution
    executenb(
  File "/opt/hostedtoolcache/Python/3.8.13/x64/lib/python3.8/site-packages/nbclient/client.py", line 1204, in execute
    return NotebookClient(nb=nb, resources=resources, km=km, **kwargs).execute()
  File "/opt/hostedtoolcache/Python/3.8.13/x64/lib/python3.8/site-packages/nbclient/util.py", line 84, in wrapped
    return just_run(coro(*args, **kwargs))
  File "/opt/hostedtoolcache/Python/3.8.13/x64/lib/python3.8/site-packages/nbclient/util.py", line 62, in just_run
    return loop.run_until_complete(coro)
  File "/opt/hostedtoolcache/Python/3.8.13/x64/lib/python3.8/asyncio/base_events.py", line 616, in run_until_complete
    return future.result()
  File "/opt/hostedtoolcache/Python/3.8.13/x64/lib/python3.8/site-packages/nbclient/client.py", line 663, in async_execute
    await self.async_execute_cell(
  File "/opt/hostedtoolcache/Python/3.8.13/x64/lib/python3.8/site-packages/nbclient/client.py", line 965, in async_execute_cell
    await self._check_raise_for_error(cell, cell_index, exec_reply)
  File "/opt/hostedtoolcache/Python/3.8.13/x64/lib/python3.8/site-packages/nbclient/client.py", line 862, in _check_raise_for_error
    raise CellExecutionError.from_cell_and_msg(cell, exec_reply_content)
nbclient.exceptions.CellExecutionError: An error occurred while executing the following cell:
------------------
# Install and load packages

import pandas as pd
import numpy as np
import matplotlib.pyplot as plt
import seaborn as sns
import wbgapi as wb
from math import log
from linearmodels import PanelOLS
import statsmodels.api as sm
from linearmodels.panel import PooledOLS
import pandas as pd
import statsmodels.formula.api as sm
import numpy as np
import patsy
from linearmodels.panel import PanelOLS as fe
------------------

[0;31m---------------------------------------------------------------------------[0m
[0;31mModuleNotFoundError[0m                       Traceback (most recent call last)
Cell [0;32mIn [1], line 9[0m
[1;32m      7[0m [38;5;28;01mimport[39;00m [38;5;21;01mwbgapi[39;00m [38;5;28;01mas[39;00m [38;5;21;01mwb[39;00m
[1;32m      8[0m [38;5;28;01mfrom[39;00m [38;5;21;01mmath[39;00m [38;5;28;01mimport[39;00m log
[0;32m----> 9[0m [38;5;28;01mfrom[39;00m [38;5;21;01mlinearmodels[39;00m [38;5;28;01mimport[39;00m PanelOLS
[1;32m     10[0m [38;5;28;01mimport[39;00m [38;5;21;01mstatsmodels[39;00m[38;5;21;01m.[39;00m[38;5;21;01mapi[39;00m [38;5;28;01mas[39;00m [38;5;21;01msm[39;00m
[1;32m     11[0m [38;5;28;01mfrom[39;00m [38;5;21;01mlinearmodels[39;00m[38;5;21;01m.[39;00m[38;5;21;01mpanel[39;00m [38;5;28;01mimport[39;00m PooledOLS

[0;31mModuleNotFoundError[0m: No module named 'linearmodels'
ModuleNotFoundError: No module named 'linearmodels'

